2022-06-20 11:30:54.238  INFO 4131 --- [restartedMain] com.HelloWorldCRUD.example.HelloWorld    : Starting HelloWorld using Java 17.0.1 on biplob-aes with PID 4131 (/home/biplob-aes/Downloads/HelloWorld/HelloWorld/build/classes/java/main started by biplob-aes in /home/biplob-aes/Downloads/HelloWorld/HelloWorld)
2022-06-20 11:30:54.242  INFO 4131 --- [restartedMain] com.HelloWorldCRUD.example.HelloWorld    : No active profile set, falling back to 1 default profile: "default"
2022-06-20 11:30:54.278  INFO 4131 --- [restartedMain] .e.DevToolsPropertyDefaultsPostProcessor : Devtools property defaults active! Set 'spring.devtools.add-properties' to 'false' to disable
2022-06-20 11:30:54.278  INFO 4131 --- [restartedMain] .e.DevToolsPropertyDefaultsPostProcessor : For additional web related logging consider setting the 'logging.level.web' property to 'DEBUG'
2022-06-20 11:30:54.917  INFO 4131 --- [restartedMain] .s.d.r.c.RepositoryConfigurationDelegate : Bootstrapping Spring Data JPA repositories in DEFAULT mode.
2022-06-20 11:30:54.999  INFO 4131 --- [restartedMain] .s.d.r.c.RepositoryConfigurationDelegate : Finished Spring Data repository scanning in 73 ms. Found 1 JPA repository interfaces.
2022-06-20 11:30:55.409  INFO 4131 --- [restartedMain] o.s.b.w.embedded.tomcat.TomcatWebServer  : Tomcat initialized with port(s): 8083 (http)
2022-06-20 11:30:55.416  INFO 4131 --- [restartedMain] o.apache.catalina.core.StandardService   : Starting service [Tomcat]
2022-06-20 11:30:55.416  INFO 4131 --- [restartedMain] org.apache.catalina.core.StandardEngine  : Starting Servlet engine: [Apache Tomcat/9.0.62]
2022-06-20 11:30:55.463  INFO 4131 --- [restartedMain] o.a.c.c.C.[Tomcat].[localhost].[/]       : Initializing Spring embedded WebApplicationContext
2022-06-20 11:30:55.464  INFO 4131 --- [restartedMain] w.s.c.ServletWebServerApplicationContext : Root WebApplicationContext: initialization completed in 1185 ms
2022-06-20 11:30:55.674  INFO 4131 --- [restartedMain] o.hibernate.jpa.internal.util.LogHelper  : HHH000204: Processing PersistenceUnitInfo [name: default]
2022-06-20 11:30:55.706  INFO 4131 --- [restartedMain] org.hibernate.Version                    : HHH000412: Hibernate ORM core version 5.6.8.Final
2022-06-20 11:30:55.818  INFO 4131 --- [restartedMain] o.hibernate.annotations.common.Version   : HCANN000001: Hibernate Commons Annotations {5.1.2.Final}
2022-06-20 11:30:55.880  INFO 4131 --- [restartedMain] com.zaxxer.hikari.HikariDataSource       : HikariPool-1 - Starting...
2022-06-20 11:30:56.140  INFO 4131 --- [restartedMain] com.zaxxer.hikari.HikariDataSource       : HikariPool-1 - Start completed.
2022-06-20 11:30:56.155  INFO 4131 --- [restartedMain] org.hibernate.dialect.Dialect            : HHH000400: Using dialect: org.hibernate.dialect.MySQL5InnoDBDialect
2022-06-20 11:30:56.528  INFO 4131 --- [restartedMain] o.h.e.t.j.p.i.JtaPlatformInitiator       : HHH000490: Using JtaPlatform implementation: [org.hibernate.engine.transaction.jta.platform.internal.NoJtaPlatform]
2022-06-20 11:30:56.533  INFO 4131 --- [restartedMain] j.LocalContainerEntityManagerFactoryBean : Initialized JPA EntityManagerFactory for persistence unit 'default'
2022-06-20 11:30:56.561  WARN 4131 --- [restartedMain] JpaBaseConfiguration$JpaWebConfiguration : spring.jpa.open-in-view is enabled by default. Therefore, database queries may be performed during view rendering. Explicitly configure spring.jpa.open-in-view to disable this warning
2022-06-20 11:30:56.846  INFO 4131 --- [restartedMain] o.s.s.web.DefaultSecurityFilterChain     : Will secure any request with [org.springframework.security.web.context.request.async.WebAsyncManagerIntegrationFilter@50c7a46b, org.springframework.security.web.context.SecurityContextPersistenceFilter@298bbdad, org.springframework.security.web.header.HeaderWriterFilter@5674a208, org.springframework.security.web.authentication.logout.LogoutFilter@fd7b2a9, com.HelloWorldCRUD.example.filter.JWTFilter@5834b102, org.springframework.security.web.savedrequest.RequestCacheAwareFilter@2d0f6252, org.springframework.security.web.servletapi.SecurityContextHolderAwareRequestFilter@7e26d5bf, org.springframework.security.web.authentication.AnonymousAuthenticationFilter@744bb49b, org.springframework.security.web.session.SessionManagementFilter@1fc90c10, org.springframework.security.web.access.ExceptionTranslationFilter@1546e7c5, org.springframework.security.web.access.intercept.FilterSecurityInterceptor@22195728]
2022-06-20 11:30:57.024  WARN 4131 --- [restartedMain] ion$DefaultTemplateResolverConfiguration : Cannot find template location: classpath:/templates/ (please add some templates or check your Thymeleaf configuration)
2022-06-20 11:30:57.534  INFO 4131 --- [restartedMain] o.s.b.d.a.OptionalLiveReloadServer       : LiveReload server is running on port 35729
2022-06-20 11:30:57.539  INFO 4131 --- [restartedMain] o.s.b.a.e.web.EndpointLinksResolver      : Exposing 14 endpoint(s) beneath base path '/actuator'
2022-06-20 11:30:57.568  INFO 4131 --- [restartedMain] o.s.b.w.embedded.tomcat.TomcatWebServer  : Tomcat started on port(s): 8083 (http) with context path ''
2022-06-20 11:30:57.582  INFO 4131 --- [restartedMain] com.HelloWorldCRUD.example.HelloWorld    : Started HelloWorld in 3.556 seconds (JVM running for 3.831)
2022-06-20 11:30:57.709  INFO 4131 --- [http-nio-8083-exec-2] o.a.c.c.C.[Tomcat].[localhost].[/]       : Initializing Spring DispatcherServlet 'dispatcherServlet'
2022-06-20 11:30:57.709  INFO 4131 --- [http-nio-8083-exec-2] o.s.web.servlet.DispatcherServlet        : Initializing Servlet 'dispatcherServlet'
2022-06-20 11:30:57.711  INFO 4131 --- [http-nio-8083-exec-2] o.s.web.servlet.DispatcherServlet        : Completed initialization in 2 ms
2022-06-20 11:30:57.739  WARN 4131 --- [registrationTask1] d.c.b.a.c.r.ApplicationRegistrator       : Failed to register application as Application(name=One To Many Web Service, managementUrl=http://biplob-aes:8083/actuator, healthUrl=http://biplob-aes:8083/actuator/health, serviceUrl=http://biplob-aes:8083/) at spring-boot-admin ([http://localhost:8083/instances]): 403 : [no body]. Further attempts are logged on DEBUG level
